SYSTEM: 2024-11-14 14:55:55,261 | system_logger | INFO | Calculated popularity score by EMA
SYSTEM: 2024-11-14 14:55:55,263 | system_logger | INFO | Found top 3 most trending songs 
SYSTEM: 2024-11-14 14:55:55,375 | system_logger | INFO | Calculated popularity score by EMA
SYSTEM: 2024-11-14 14:55:55,377 | system_logger | INFO | Found top 3 most trending songs 
SYSTEM: 2024-11-14 14:56:11,254 | system_logger | INFO | Calculated popularity score by EMA
SYSTEM: 2024-11-14 14:56:11,255 | system_logger | INFO | Found top 3 most trending songs 
SYSTEM: 2024-11-14 14:56:11,330 | system_logger | INFO | Calculated popularity score by EMA
SYSTEM: 2024-11-14 14:56:11,331 | system_logger | INFO | Found top 3 most trending songs 
SYSTEM: 2024-11-14 14:56:11,424 | system_logger | INFO | Calculated popularity score by EMA
SYSTEM: 2024-11-14 14:56:11,426 | system_logger | INFO | Found top 3 most trending songs 
SYSTEM: 2024-11-14 14:56:33,249 | system_logger | INFO | Calculated popularity score by EMA
SYSTEM: 2024-11-14 14:56:33,252 | system_logger | INFO | Found top 3 most trending songs 
SYSTEM: 2024-11-14 14:56:33,306 | system_logger | INFO | Calculated popularity score by EMA
SYSTEM: 2024-11-14 14:56:33,307 | system_logger | INFO | Found top 3 most trending songs 
SYSTEM: 2024-11-14 14:56:33,380 | system_logger | INFO | Calculated popularity score by EMA
SYSTEM: 2024-11-14 14:56:33,381 | system_logger | INFO | Found top 3 most trending songs 
SYSTEM: 2024-11-14 14:56:50,234 | system_logger | INFO | Calculated popularity score by EMA
SYSTEM: 2024-11-14 14:56:50,235 | system_logger | INFO | Found top 3 most trending songs 
SYSTEM: 2024-11-14 14:57:18,258 | system_logger | INFO | Calculated popularity score by EMA
SYSTEM: 2024-11-14 14:57:18,259 | system_logger | INFO | Found top 3 most trending songs 
SYSTEM: 2024-11-14 14:57:18,329 | system_logger | INFO | Calculated popularity score by EMA
SYSTEM: 2024-11-14 14:57:18,330 | system_logger | INFO | Found top 3 most trending songs 
SYSTEM: 2024-11-14 14:57:29,811 | system_logger | INFO | AUTHENTICATION: User test Has Authenticated
SYSTEM: 2024-11-14 14:57:29,812 | system_logger | INFO | AUTHENTICATION: User test Has Authenticated
SYSTEM: 2024-11-14 14:57:32,493 | system_logger | INFO | Calculated popularity score by EMA
SYSTEM: 2024-11-14 14:57:32,494 | system_logger | INFO | Found top 3 most trending songs 
SYSTEM: 2024-11-14 14:57:37,310 | system_logger | INFO | Calculated popularity score by EMA
SYSTEM: 2024-11-14 14:57:37,310 | system_logger | INFO | Found top 3 most trending songs 
SYSTEM: 2024-11-14 14:58:14,268 | system_logger | INFO | Calculated popularity score by EMA
SYSTEM: 2024-11-14 14:58:14,269 | system_logger | INFO | Found top 3 most trending songs 
SYSTEM: 2024-11-14 14:58:14,380 | system_logger | INFO | Calculated popularity score by EMA
SYSTEM: 2024-11-14 14:58:14,382 | system_logger | INFO | Found top 3 most trending songs 
SYSTEM: 2024-11-14 14:58:14,452 | system_logger | INFO | Calculated popularity score by EMA
SYSTEM: 2024-11-14 14:58:14,454 | system_logger | INFO | Found top 3 most trending songs 
SYSTEM: 2024-11-14 14:58:35,263 | system_logger | INFO | Calculated popularity score by EMA
SYSTEM: 2024-11-14 14:58:35,265 | system_logger | INFO | Found top 3 most trending songs 
SYSTEM: 2024-11-14 14:58:35,451 | system_logger | INFO | Calculated popularity score by EMA
SYSTEM: 2024-11-14 14:58:35,452 | system_logger | INFO | Found top 3 most trending songs 
SYSTEM: 2024-11-14 14:59:16,283 | system_logger | INFO | Calculated popularity score by EMA
SYSTEM: 2024-11-14 14:59:16,284 | system_logger | INFO | Found top 3 most trending songs 
SYSTEM: 2024-11-14 14:59:36,282 | system_logger | INFO | Calculated popularity score by EMA
SYSTEM: 2024-11-14 14:59:36,283 | system_logger | INFO | Found top 3 most trending songs 
SYSTEM: 2024-11-14 14:59:36,359 | system_logger | INFO | Calculated popularity score by EMA
SYSTEM: 2024-11-14 14:59:36,361 | system_logger | INFO | Found top 3 most trending songs 
SYSTEM: 2024-11-14 14:59:58,336 | system_logger | INFO | Calculated popularity score by EMA
SYSTEM: 2024-11-14 14:59:58,337 | system_logger | INFO | Found top 3 most trending songs 
SYSTEM: 2024-11-14 15:00:21,801 | system_logger | INFO | Calculated popularity score by EMA
SYSTEM: 2024-11-14 15:00:21,802 | system_logger | INFO | Found top 3 most trending songs 
SYSTEM: 2024-11-14 15:00:21,909 | system_logger | INFO | Calculated popularity score by EMA
SYSTEM: 2024-11-14 15:00:21,911 | system_logger | INFO | Found top 3 most trending songs 
SYSTEM: 2024-11-14 15:01:02,665 | system_logger | INFO | Calculated popularity score by EMA
SYSTEM: 2024-11-14 15:01:02,667 | system_logger | INFO | Found top 3 most trending songs 
SYSTEM: 2024-11-14 15:01:02,788 | system_logger | INFO | Calculated popularity score by EMA
SYSTEM: 2024-11-14 15:01:02,789 | system_logger | INFO | Found top 3 most trending songs 
SYSTEM: 2024-11-14 15:01:29,122 | system_logger | INFO | Calculated popularity score by EMA
SYSTEM: 2024-11-14 15:01:29,123 | system_logger | INFO | Found top 3 most trending songs 
SYSTEM: 2024-11-14 15:01:51,817 | system_logger | INFO | Calculated popularity score by EMA
SYSTEM: 2024-11-14 15:01:51,818 | system_logger | INFO | Found top 3 most trending songs 
SYSTEM: 2024-11-14 15:01:51,889 | system_logger | INFO | Calculated popularity score by EMA
SYSTEM: 2024-11-14 15:01:51,890 | system_logger | INFO | Found top 3 most trending songs 
SYSTEM: 2024-11-14 15:01:51,961 | system_logger | INFO | Calculated popularity score by EMA
SYSTEM: 2024-11-14 15:01:51,964 | system_logger | INFO | Found top 3 most trending songs 
SYSTEM: 2024-11-14 15:02:17,457 | system_logger | INFO | Calculated popularity score by EMA
SYSTEM: 2024-11-14 15:02:17,466 | system_logger | INFO | Found top 3 most trending songs 
SYSTEM: 2024-11-14 15:02:35,027 | system_logger | INFO | Calculated popularity score by EMA
SYSTEM: 2024-11-14 15:02:35,028 | system_logger | INFO | Found top 3 most trending songs 
SYSTEM: 2024-11-14 15:03:18,001 | system_logger | INFO | Calculated popularity score by EMA
SYSTEM: 2024-11-14 15:03:18,002 | system_logger | INFO | Found top 3 most trending songs 
SYSTEM: 2024-11-14 15:03:18,075 | system_logger | INFO | Calculated popularity score by EMA
SYSTEM: 2024-11-14 15:03:18,076 | system_logger | INFO | Found top 3 most trending songs 
SYSTEM: 2024-11-14 15:04:04,251 | system_logger | INFO | Calculated popularity score by EMA
SYSTEM: 2024-11-14 15:04:04,253 | system_logger | INFO | Found top 3 most trending songs 
SYSTEM: 2024-11-14 15:04:04,383 | system_logger | INFO | Calculated popularity score by EMA
SYSTEM: 2024-11-14 15:04:04,384 | system_logger | INFO | Found top 3 most trending songs 
SYSTEM: 2024-11-14 15:04:29,578 | system_logger | INFO | Calculated popularity score by EMA
SYSTEM: 2024-11-14 15:04:29,579 | system_logger | INFO | Found top 3 most trending songs 
SYSTEM: 2024-11-14 15:05:13,274 | system_logger | INFO | Calculated popularity score by EMA
SYSTEM: 2024-11-14 15:05:13,275 | system_logger | INFO | Found top 3 most trending songs 
SYSTEM: 2024-11-14 15:05:53,035 | system_logger | INFO | Calculated popularity score by EMA
SYSTEM: 2024-11-14 15:05:53,036 | system_logger | INFO | Found top 3 most trending songs 
SYSTEM: 2024-11-14 15:05:53,111 | system_logger | INFO | Calculated popularity score by EMA
SYSTEM: 2024-11-14 15:05:53,113 | system_logger | INFO | Found top 3 most trending songs 
SYSTEM: 2024-11-14 15:06:10,125 | system_logger | INFO | Calculated popularity score by EMA
SYSTEM: 2024-11-14 15:06:10,129 | system_logger | INFO | Found top 3 most trending songs 
SYSTEM: 2024-11-14 15:06:10,225 | system_logger | INFO | Calculated popularity score by EMA
SYSTEM: 2024-11-14 15:06:10,226 | system_logger | INFO | Found top 3 most trending songs 
SYSTEM: 2024-11-14 15:06:25,080 | system_logger | INFO | Calculated popularity score by EMA
SYSTEM: 2024-11-14 15:06:25,082 | system_logger | INFO | Found top 3 most trending songs 
SYSTEM: 2024-11-14 15:06:25,204 | system_logger | INFO | Calculated popularity score by EMA
SYSTEM: 2024-11-14 15:06:25,206 | system_logger | INFO | Found top 3 most trending songs 
SYSTEM: 2024-11-14 15:06:43,064 | system_logger | INFO | Calculated popularity score by EMA
SYSTEM: 2024-11-14 15:06:43,065 | system_logger | INFO | Found top 3 most trending songs 
SYSTEM: 2024-11-14 15:06:43,164 | system_logger | INFO | Calculated popularity score by EMA
SYSTEM: 2024-11-14 15:06:43,165 | system_logger | INFO | Found top 3 most trending songs 
SYSTEM: 2024-11-14 15:06:43,285 | system_logger | INFO | Calculated popularity score by EMA
SYSTEM: 2024-11-14 15:06:43,287 | system_logger | INFO | Found top 3 most trending songs 
SYSTEM: 2024-11-14 15:07:06,088 | system_logger | INFO | Calculated popularity score by EMA
SYSTEM: 2024-11-14 15:07:06,089 | system_logger | INFO | Found top 3 most trending songs 
SYSTEM: 2024-11-14 15:07:06,168 | system_logger | INFO | Calculated popularity score by EMA
SYSTEM: 2024-11-14 15:07:06,169 | system_logger | INFO | Found top 3 most trending songs 
SYSTEM: 2024-11-14 15:07:22,060 | system_logger | INFO | Calculated popularity score by EMA
SYSTEM: 2024-11-14 15:07:22,061 | system_logger | INFO | Found top 3 most trending songs 
SYSTEM: 2024-11-14 15:07:46,059 | system_logger | INFO | Calculated popularity score by EMA
SYSTEM: 2024-11-14 15:07:46,061 | system_logger | INFO | Found top 3 most trending songs 
SYSTEM: 2024-11-14 15:07:46,160 | system_logger | INFO | Calculated popularity score by EMA
SYSTEM: 2024-11-14 15:07:46,162 | system_logger | INFO | Found top 3 most trending songs 
SYSTEM: 2024-11-14 15:07:46,262 | system_logger | INFO | Calculated popularity score by EMA
SYSTEM: 2024-11-14 15:07:46,264 | system_logger | INFO | Found top 3 most trending songs 
SYSTEM: 2024-11-14 15:08:42,058 | system_logger | INFO | Calculated popularity score by EMA
SYSTEM: 2024-11-14 15:08:42,060 | system_logger | INFO | Found top 3 most trending songs 
SYSTEM: 2024-11-14 15:09:43,062 | system_logger | INFO | Calculated popularity score by EMA
SYSTEM: 2024-11-14 15:09:43,063 | system_logger | INFO | Found top 3 most trending songs 
SYSTEM: 2024-11-14 15:09:43,138 | system_logger | INFO | Calculated popularity score by EMA
SYSTEM: 2024-11-14 15:09:43,140 | system_logger | INFO | Found top 3 most trending songs 
SYSTEM: 2024-11-14 15:10:22,187 | system_logger | INFO | Calculated popularity score by EMA
SYSTEM: 2024-11-14 15:10:22,188 | system_logger | INFO | Found top 3 most trending songs 
SYSTEM: 2024-11-14 15:10:22,251 | system_logger | INFO | Calculated popularity score by EMA
SYSTEM: 2024-11-14 15:10:22,252 | system_logger | INFO | Found top 3 most trending songs 
SYSTEM: 2024-11-14 15:11:09,120 | system_logger | INFO | Calculated popularity score by EMA
SYSTEM: 2024-11-14 15:11:09,121 | system_logger | INFO | Found top 3 most trending songs 
SYSTEM: 2024-11-14 15:11:09,284 | system_logger | INFO | Calculated popularity score by EMA
SYSTEM: 2024-11-14 15:11:09,285 | system_logger | INFO | Found top 3 most trending songs 
SYSTEM: 2024-11-14 15:11:09,389 | system_logger | INFO | Calculated popularity score by EMA
SYSTEM: 2024-11-14 15:11:09,391 | system_logger | INFO | Found top 3 most trending songs 
SYSTEM: 2024-11-14 15:11:45,374 | system_logger | INFO | Calculated popularity score by EMA
SYSTEM: 2024-11-14 15:11:45,375 | system_logger | INFO | Found top 3 most trending songs 
SYSTEM: 2024-11-14 15:12:27,487 | system_logger | INFO | Calculated popularity score by EMA
SYSTEM: 2024-11-14 15:12:27,488 | system_logger | INFO | Found top 3 most trending songs 
SYSTEM: 2024-11-14 15:12:49,924 | system_logger | INFO | Calculated popularity score by EMA
SYSTEM: 2024-11-14 15:12:49,925 | system_logger | INFO | Found top 3 most trending songs 
SYSTEM: 2024-11-14 15:13:36,874 | system_logger | INFO | Calculated popularity score by EMA
SYSTEM: 2024-11-14 15:13:36,875 | system_logger | INFO | Found top 3 most trending songs 
SYSTEM: 2024-11-14 15:13:36,950 | system_logger | INFO | Calculated popularity score by EMA
SYSTEM: 2024-11-14 15:13:36,953 | system_logger | INFO | Found top 3 most trending songs 
SYSTEM: 2024-11-14 15:13:54,946 | system_logger | INFO | Calculated popularity score by EMA
SYSTEM: 2024-11-14 15:13:54,948 | system_logger | INFO | Found top 3 most trending songs 
SYSTEM: 2024-11-14 15:13:55,023 | system_logger | INFO | Calculated popularity score by EMA
SYSTEM: 2024-11-14 15:13:55,024 | system_logger | INFO | Found top 3 most trending songs 
SYSTEM: 2024-11-14 15:13:55,094 | system_logger | INFO | Calculated popularity score by EMA
SYSTEM: 2024-11-14 15:13:55,095 | system_logger | INFO | Found top 3 most trending songs 
SYSTEM: 2024-11-14 15:14:44,218 | system_logger | INFO | Calculated popularity score by EMA
SYSTEM: 2024-11-14 15:14:44,219 | system_logger | INFO | Found top 3 most trending songs 
SYSTEM: 2024-11-14 15:14:44,334 | system_logger | INFO | Calculated popularity score by EMA
SYSTEM: 2024-11-14 15:14:44,335 | system_logger | INFO | Found top 3 most trending songs 
SYSTEM: 2024-11-14 15:15:06,189 | system_logger | INFO | Calculated popularity score by EMA
SYSTEM: 2024-11-14 15:15:06,190 | system_logger | INFO | Found top 3 most trending songs 
SYSTEM: 2024-11-14 15:15:06,262 | system_logger | INFO | Calculated popularity score by EMA
SYSTEM: 2024-11-14 15:15:06,264 | system_logger | INFO | Found top 3 most trending songs 
SYSTEM: 2024-11-14 15:15:06,356 | system_logger | INFO | Calculated popularity score by EMA
SYSTEM: 2024-11-14 15:15:06,357 | system_logger | INFO | Found top 3 most trending songs 
SYSTEM: 2024-11-14 15:15:50,408 | system_logger | INFO | Calculated popularity score by EMA
SYSTEM: 2024-11-14 15:15:50,409 | system_logger | INFO | Found top 3 most trending songs 
SYSTEM: 2024-11-14 15:15:50,474 | system_logger | INFO | Calculated popularity score by EMA
SYSTEM: 2024-11-14 15:15:50,475 | system_logger | INFO | Found top 3 most trending songs 
SYSTEM: 2024-11-14 15:15:50,544 | system_logger | INFO | Calculated popularity score by EMA
SYSTEM: 2024-11-14 15:15:50,545 | system_logger | INFO | Found top 3 most trending songs 
SYSTEM: 2024-11-14 15:16:10,760 | system_logger | INFO | Calculated popularity score by EMA
SYSTEM: 2024-11-14 15:16:10,761 | system_logger | INFO | Found top 3 most trending songs 
SYSTEM: 2024-11-14 15:17:05,652 | system_logger | INFO | Calculated popularity score by EMA
SYSTEM: 2024-11-14 15:17:05,653 | system_logger | INFO | Found top 3 most trending songs 
SYSTEM: 2024-11-14 15:17:05,728 | system_logger | INFO | Calculated popularity score by EMA
SYSTEM: 2024-11-14 15:17:05,729 | system_logger | INFO | Found top 3 most trending songs 
SYSTEM: 2024-11-14 15:17:05,810 | system_logger | INFO | Calculated popularity score by EMA
SYSTEM: 2024-11-14 15:17:05,812 | system_logger | INFO | Found top 3 most trending songs 
SYSTEM: 2024-11-14 15:17:37,547 | system_logger | INFO | Calculated popularity score by EMA
SYSTEM: 2024-11-14 15:17:37,550 | system_logger | INFO | Found top 3 most trending songs 
SYSTEM: 2024-11-14 15:18:17,561 | system_logger | INFO | Calculated popularity score by EMA
SYSTEM: 2024-11-14 15:18:17,562 | system_logger | INFO | Found top 3 most trending songs 
SYSTEM: 2024-11-14 15:18:17,689 | system_logger | INFO | Calculated popularity score by EMA
SYSTEM: 2024-11-14 15:18:17,693 | system_logger | INFO | Found top 3 most trending songs 
SYSTEM: 2024-11-14 15:18:57,547 | system_logger | INFO | Calculated popularity score by EMA
SYSTEM: 2024-11-14 15:18:57,548 | system_logger | INFO | Found top 3 most trending songs 
SYSTEM: 2024-11-14 15:18:57,616 | system_logger | INFO | Calculated popularity score by EMA
SYSTEM: 2024-11-14 15:18:57,617 | system_logger | INFO | Found top 3 most trending songs 
SYSTEM: 2024-11-14 15:18:57,686 | system_logger | INFO | Calculated popularity score by EMA
SYSTEM: 2024-11-14 15:18:57,687 | system_logger | INFO | Found top 3 most trending songs 
SYSTEM: 2024-11-14 15:18:57,729 | system_logger | INFO | Calculated popularity score by EMA
SYSTEM: 2024-11-14 15:18:57,730 | system_logger | INFO | Found top 3 most trending songs 
SYSTEM: 2024-11-14 15:19:37,097 | system_logger | INFO | Calculated popularity score by EMA
SYSTEM: 2024-11-14 15:19:37,098 | system_logger | INFO | Found top 3 most trending songs 
SYSTEM: 2024-11-14 15:20:51,016 | system_logger | INFO | Calculated popularity score by EMA
SYSTEM: 2024-11-14 15:20:51,017 | system_logger | INFO | Found top 3 most trending songs 
SYSTEM: 2024-11-14 15:20:51,102 | system_logger | INFO | Calculated popularity score by EMA
SYSTEM: 2024-11-14 15:20:51,103 | system_logger | INFO | Found top 3 most trending songs 
SYSTEM: 2024-11-14 15:20:51,159 | system_logger | INFO | Calculated popularity score by EMA
SYSTEM: 2024-11-14 15:20:51,159 | system_logger | INFO | Found top 3 most trending songs 
SYSTEM: 2024-11-14 15:41:32,913 | system_logger | INFO | Calculated popularity score by EMA
SYSTEM: 2024-11-14 15:41:32,914 | system_logger | INFO | Found top 3 most trending songs 
SYSTEM: 2024-11-14 15:41:32,999 | system_logger | INFO | Calculated popularity score by EMA
SYSTEM: 2024-11-14 15:41:33,000 | system_logger | INFO | Found top 3 most trending songs 
SYSTEM: 2024-11-14 15:41:33,076 | system_logger | INFO | Calculated popularity score by EMA
SYSTEM: 2024-11-14 15:41:33,077 | system_logger | INFO | Found top 3 most trending songs 
SYSTEM: 2024-11-14 15:43:30,746 | system_logger | INFO | Calculated popularity score by EMA
SYSTEM: 2024-11-14 15:43:30,747 | system_logger | INFO | Found top 3 most trending songs 
SYSTEM: 2024-11-14 15:43:48,699 | system_logger | INFO | Calculated popularity score by EMA
SYSTEM: 2024-11-14 15:43:48,701 | system_logger | INFO | Found top 3 most trending songs 
SYSTEM: 2024-11-14 15:43:48,807 | system_logger | INFO | Calculated popularity score by EMA
SYSTEM: 2024-11-14 15:43:48,808 | system_logger | INFO | Found top 3 most trending songs 
SYSTEM: 2024-11-14 15:43:48,938 | system_logger | INFO | Calculated popularity score by EMA
SYSTEM: 2024-11-14 15:43:48,940 | system_logger | INFO | Found top 3 most trending songs 
SYSTEM: 2024-11-14 15:43:48,993 | system_logger | INFO | Calculated popularity score by EMA
SYSTEM: 2024-11-14 15:43:48,995 | system_logger | INFO | Found top 3 most trending songs 
SYSTEM: 2024-11-14 15:55:33,129 | system_logger | INFO | Calculated popularity score by EMA
SYSTEM: 2024-11-14 15:55:33,130 | system_logger | INFO | Found top 3 most trending songs 
SYSTEM: 2024-11-14 15:55:33,262 | system_logger | INFO | Calculated popularity score by EMA
SYSTEM: 2024-11-14 15:55:33,263 | system_logger | INFO | Found top 3 most trending songs 
SYSTEM: 2024-11-14 16:14:08,218 | system_logger | INFO | Calculated popularity score by EMA
SYSTEM: 2024-11-14 16:14:08,220 | system_logger | INFO | Found top 3 most trending songs 
SYSTEM: 2024-11-14 16:14:08,317 | system_logger | INFO | Calculated popularity score by EMA
SYSTEM: 2024-11-14 16:14:08,326 | system_logger | INFO | Found top 3 most trending songs 
SYSTEM: 2024-11-14 16:14:28,590 | system_logger | INFO | Saving all changes to files
SYSTEM: 2024-11-14 16:14:28,598 | system_logger | INFO | Saved changes to user1 test to files
SYSTEM: 2024-11-14 16:14:28,599 | system_logger | INFO | Saved changes to user2 Sophia jazzlover88 to files
SYSTEM: 2024-11-14 16:14:28,599 | system_logger | INFO | Saved changes to user3 Michael hiphophead99 to files
SYSTEM: 2024-11-14 16:14:28,600 | system_logger | INFO | Saved changes to user4 Emma popprincess22 to files
SYSTEM: 2024-11-14 16:14:28,600 | system_logger | INFO | Saved changes to user5 Daniel countryfan55 to files
SYSTEM: 2024-11-14 16:14:28,601 | system_logger | INFO | Saved changes to user6 Olivia diva songs to files
SYSTEM: 2024-11-14 16:14:28,602 | system_logger | INFO | Saved changes to user7 James classic blues to files
SYSTEM: 2024-11-14 16:14:28,603 | system_logger | INFO | Saved changes to user8 Ava edmlover101 to files
SYSTEM: 2024-11-14 16:14:28,604 | system_logger | INFO | Saved changes to user9 William oldiesfan77 to files
SYSTEM: 2024-11-14 16:14:28,604 | system_logger | INFO | Saved changes to user10 Mia indie vibes to files
SYSTEM: 2024-11-14 16:14:28,604 | system_logger | INFO | Saved changes to user11 Ethan rapenthusiast to files
SYSTEM: 2024-11-14 16:14:28,605 | system_logger | INFO | Saved changes to user12 Isabella latinbeats to files
SYSTEM: 2024-11-14 16:14:28,605 | system_logger | INFO | Saved changes to user13 Noah rockclassic90 to files
SYSTEM: 2024-11-14 16:14:28,605 | system_logger | INFO | Saved changes to user14 Charlotte soulfulsounds to files
SYSTEM: 2024-11-14 16:14:28,605 | system_logger | INFO | Saved changes to user15 Liam partyplaylist to files
SYSTEM: 2024-11-14 16:14:28,606 | system_logger | INFO | Saved changes to user16 Amelia classicaljazz to files
SYSTEM: 2024-11-14 16:14:28,606 | system_logger | INFO | Saved changes to user17 Jacob metalhead to files
SYSTEM: 2024-11-14 16:14:28,606 | system_logger | INFO | Saved changes to user18 Harper pop hits to files
SYSTEM: 2024-11-14 16:14:28,607 | system_logger | INFO | Saved changes to user19 Benjamin golden oldies to files
SYSTEM: 2024-11-14 16:14:28,608 | system_logger | INFO | Saved changes to user20 Evelyn hiphopqueen to files
SYSTEM: 2024-11-14 16:14:28,608 | system_logger | INFO | Saved changes to user21 Grace folkmusiclover to files
SYSTEM: 2024-11-14 16:14:28,609 | system_logger | INFO | Saved changes to user22 Henry electrobeat to files
SYSTEM: 2024-11-14 16:14:28,609 | system_logger | INFO | Saved changes to user23 Victoria 90spopfan to files
SYSTEM: 2024-11-14 16:14:28,609 | system_logger | INFO | Saved changes to user24 Matthew classicalbuff to files
SYSTEM: 2024-11-14 16:14:28,610 | system_logger | INFO | Saved changes to user25 Sofia latinmusicfan to files
SYSTEM: 2024-11-14 16:14:28,610 | system_logger | INFO | Saved changes to user26 Jack punkrocker to files
SYSTEM: 2024-11-14 16:14:28,610 | system_logger | INFO | Saved changes to user27 Lily acousticsoul to files
SYSTEM: 2024-11-14 16:14:28,610 | system_logger | INFO | Saved changes to user28 Ryan hiphopbeats to files
SYSTEM: 2024-11-14 16:14:28,610 | system_logger | INFO | Saved changes to user29 Zoe dancemania to files
SYSTEM: 2024-11-14 16:14:28,610 | system_logger | INFO | Saved changes to user30 Nathan jazzfanatic to files
SYSTEM: 2024-11-14 16:14:28,611 | system_logger | INFO | Saved changes to user31 Hannah countrygirl to files
SYSTEM: 2024-11-14 16:14:28,611 | system_logger | INFO | Saved changes to user32 Lucas bluesman to files
SYSTEM: 2024-11-14 16:14:28,611 | system_logger | INFO | Saved changes to user33 Madison kpoplover to files
SYSTEM: 2024-11-14 16:14:28,611 | system_logger | INFO | Saved changes to user34 Logan classicpop to files
SYSTEM: 2024-11-14 16:14:28,611 | system_logger | INFO | Saved changes to user35 Aria newagefan to files
SYSTEM: 2024-11-14 16:14:28,611 | system_logger | INFO | Saved changes to user36 Dylan alternative rock to files
SYSTEM: 2024-11-14 16:14:28,612 | system_logger | INFO | Saved changes to user37 Ella diva vocals to files
SYSTEM: 2024-11-14 16:14:28,612 | system_logger | INFO | Saved changes to user38 Gabriel reggae roots to files
SYSTEM: 2024-11-14 16:14:28,612 | system_logger | INFO | Saved changes to user39 Scarlett poptimism to files
SYSTEM: 2024-11-14 16:14:28,613 | system_logger | INFO | Saved changes to user40 Julian metalmania to files
SYSTEM: 2024-11-14 16:14:28,613 | system_logger | INFO | Saved changes to user41 Victoria classicalpiano to files
SYSTEM: 2024-11-14 16:14:28,613 | system_logger | INFO | Saved changes to user42 Adam 90srock to files
SYSTEM: 2024-11-14 16:14:28,614 | system_logger | INFO | Saved changes to user43 Avery indiepop to files
SYSTEM: 2024-11-14 16:14:28,614 | system_logger | INFO | Saved changes to user44 Caleb hiphopmix to files
SYSTEM: 2024-11-14 16:14:28,614 | system_logger | INFO | Saved changes to user45 Layla soulfuldivas to files
SYSTEM: 2024-11-14 16:14:28,614 | system_logger | INFO | Saved changes to user46 Connor hardrock to files
SYSTEM: 2024-11-14 16:14:28,614 | system_logger | INFO | Saved changes to user47 Samantha popclassics to files
SYSTEM: 2024-11-14 16:14:28,615 | system_logger | INFO | Saved changes to user48 Evan edmaddict to files
SYSTEM: 2024-11-14 16:14:28,615 | system_logger | INFO | Saved changes to user49 Natalie countryroads to files
SYSTEM: 2024-11-14 16:14:28,615 | system_logger | INFO | Saved changes to user50 Christian classicjazz to files
SYSTEM: 2024-11-14 16:14:28,615 | system_logger | INFO | Saved changes to user51 Audrey folkfavorites to files
SYSTEM: 2024-11-14 16:14:28,615 | system_logger | INFO | Saved changes to user52 Aaron reggaevibes to files
SYSTEM: 2024-11-14 16:14:28,615 | system_logger | INFO | Saved changes to user53 Grace popdiva to files
SYSTEM: 2024-11-14 16:14:28,615 | system_logger | INFO | Saved changes to user54 Eli rockclassics to files
SYSTEM: 2024-11-14 16:14:28,616 | system_logger | INFO | Saved changes to user55 Brooklyn indieplaylist to files
SYSTEM: 2024-11-14 16:14:28,616 | system_logger | INFO | Saved changes to user56 Jonathan hiphopclassics to files
SYSTEM: 2024-11-14 16:14:28,616 | system_logger | INFO | Saved changes to user57 Elena latinvibes to files
SYSTEM: 2024-11-14 16:14:28,616 | system_logger | INFO | Saved changes to user58 Ian classicalmusic to files
SYSTEM: 2024-11-14 16:14:28,616 | system_logger | INFO | Saved changes to user59 Savannah divadance to files
SYSTEM: 2024-11-14 16:14:28,616 | system_logger | INFO | Saved changes to user60 Owen bluesrock to files
SYSTEM: 2024-11-14 16:14:28,616 | system_logger | INFO | Saved changes to user61 Lily worldmusicfan to files
SYSTEM: 2024-11-14 16:14:28,617 | system_logger | INFO | Saved changes to user62 Samuel classicpunk to files
SYSTEM: 2024-11-14 16:14:28,617 | system_logger | INFO | Saved changes to user63 Abigail smoothjazz to files
SYSTEM: 2024-11-14 16:14:28,617 | system_logger | INFO | Saved changes to user64 Christopher soundtracklover to files
SYSTEM: 2024-11-14 16:14:28,617 | system_logger | INFO | Saved changes to user65 Stella femalepower to files
SYSTEM: 2024-11-14 16:14:28,617 | system_logger | INFO | Saved changes to user66 Nicholas hardrocker to files
SYSTEM: 2024-11-14 16:14:28,617 | system_logger | INFO | Saved changes to user67 Zoe electropop to files
SYSTEM: 2024-11-14 16:14:28,618 | system_logger | INFO | Saved changes to user68 Jonathan hiphopfan to files
SYSTEM: 2024-11-14 16:14:28,618 | system_logger | INFO | Saved changes to user69 Sophie classicalguitar to files
SYSTEM: 2024-11-14 16:14:28,618 | system_logger | INFO | Saved changes to user70 Isaac poprocker to files
SYSTEM: 2024-11-14 16:14:28,618 | system_logger | INFO | Saved changes to user71 Penelope singerdiva to files
SYSTEM: 2024-11-14 16:14:28,618 | system_logger | INFO | Saved changes to user72 Anthony latinvibes to files
SYSTEM: 2024-11-14 16:14:28,619 | system_logger | INFO | Saved changes to user73 Caroline indieacoustic to files
SYSTEM: 2024-11-14 16:14:28,619 | system_logger | INFO | Saved changes to user74 Luke rapfan to files
SYSTEM: 2024-11-14 16:14:28,619 | system_logger | INFO | Saved changes to user75 Samantha countrygirl to files
SYSTEM: 2024-11-14 16:14:28,619 | system_logger | INFO | Saved changes to user76 Nathaniel electrorocker to files
SYSTEM: 2024-11-14 16:14:28,619 | system_logger | INFO | Saved changes to user77 Allison r&bfan to files
SYSTEM: 2024-11-14 16:14:28,619 | system_logger | INFO | Saved changes to user78 Brandon metalhead to files
SYSTEM: 2024-11-14 16:14:28,619 | system_logger | INFO | Saved changes to user79 Lucy popenthusiast to files
SYSTEM: 2024-11-14 16:14:28,619 | system_logger | INFO | Saved changes to user80 Thomas bluesman to files
SYSTEM: 2024-11-14 16:14:28,619 | system_logger | INFO | Saved changes to user81 Claire edmlover to files
SYSTEM: 2024-11-14 16:14:28,620 | system_logger | INFO | Saved changes to user82 Sean hiphophead to files
SYSTEM: 2024-11-14 16:14:28,620 | system_logger | INFO | Saved changes to user83 Eleanor classicalfan to files
SYSTEM: 2024-11-14 16:14:28,620 | system_logger | INFO | Saved changes to user84 Cameron punkrocker to files
SYSTEM: 2024-11-14 16:14:28,620 | system_logger | INFO | Saved changes to user85 Hailey popdiva to files
SYSTEM: 2024-11-14 16:14:28,620 | system_logger | INFO | Saved changes to user86 Evan classicrock to files
SYSTEM: 2024-11-14 16:14:28,620 | system_logger | INFO | Saved changes to user87 Avery indiepop to files
SYSTEM: 2024-11-14 16:14:28,621 | system_logger | INFO | Saved changes to user88 Connor hiphopfan to files
SYSTEM: 2024-11-14 16:14:28,621 | system_logger | INFO | Saved changes to user89 Alyssa latinfan to files
SYSTEM: 2024-11-14 16:14:28,621 | system_logger | INFO | Saved changes to user90 Henry bluesrock to files
SYSTEM: 2024-11-14 16:14:28,621 | system_logger | INFO | Saved changes to user91 Isabelle poplover to files
SYSTEM: 2024-11-14 16:14:28,621 | system_logger | INFO | Saved changes to user92 Levi rockfan to files
SYSTEM: 2024-11-14 16:14:28,621 | system_logger | INFO | Saved changes to user93 Victoria popsinger to files
SYSTEM: 2024-11-14 16:14:28,621 | system_logger | INFO | Saved changes to user94 Aaron hiphopmix to files
SYSTEM: 2024-11-14 16:14:28,622 | system_logger | INFO | Saved changes to user95 Natalie edmfan to files
SYSTEM: 2024-11-14 16:14:28,622 | system_logger | INFO | Saved changes to user96 Kevin classicjazz to files
SYSTEM: 2024-11-14 16:14:28,622 | system_logger | INFO | Saved changes to user97 Sydney countrygirl to files
SYSTEM: 2024-11-14 16:14:28,622 | system_logger | INFO | Saved changes to user98 Tyler rockfan to files
SYSTEM: 2024-11-14 16:14:28,622 | system_logger | INFO | Saved changes to user99 Victoria divafan to files
SYSTEM: 2024-11-14 16:14:28,622 | system_logger | INFO | Saved changes to user100 Logan hiphophead to files
SYSTEM: 2024-11-14 16:14:28,622 | system_logger | INFO | Saved all changes to files
